Using pre-set license
Built from '2022.3/staging' branch; Version is '2022.3.17f1 (4fc78088f837) revision 5228416'; Using compiler version '192829333'; Build Type 'Release'
OS: 'Windows 11  (10.0.22631) 64bit Core' Language: 'ru' Physical Memory: 14188 MB
BatchMode: 1, IsHumanControllingUs: 0, StartBugReporterOnCrash: 0, Is64bit: 1, IsPro: 1

COMMAND LINE ARGUMENTS:
C:\Program Files\Unity\Hub\Editor\2022.3.17f1\Editor\Unity.exe
-adb2
-batchMode
-noUpm
-name
AssetImportWorker0
-projectPath
D:/Git/SheepWrangler
-logFile
Logs/AssetImportWorker0.log
-srvPort
52227
Successfully changed project path to: D:/Git/SheepWrangler
D:/Git/SheepWrangler
[UnityMemory] Configuration Parameters - Can be set up in boot.config
    "memorysetup-bucket-allocator-granularity=16"
    "memorysetup-bucket-allocator-bucket-count=8"
    "memorysetup-bucket-allocator-block-size=33554432"
    "memorysetup-bucket-allocator-block-count=8"
    "memorysetup-main-allocator-block-size=16777216"
    "memorysetup-thread-allocator-block-size=16777216"
    "memorysetup-gfx-main-allocator-block-size=16777216"
    "memorysetup-gfx-thread-allocator-block-size=16777216"
    "memorysetup-cache-allocator-block-size=4194304"
    "memorysetup-typetree-allocator-block-size=2097152"
    "memorysetup-profiler-bucket-allocator-granularity=16"
    "memorysetup-profiler-bucket-allocator-bucket-count=8"
    "memorysetup-profiler-bucket-allocator-block-size=33554432"
    "memorysetup-profiler-bucket-allocator-block-count=8"
    "memorysetup-profiler-allocator-block-size=16777216"
    "memorysetup-profiler-editor-allocator-block-size=1048576"
    "memorysetup-temp-allocator-size-main=16777216"
    "memorysetup-job-temp-allocator-block-size=2097152"
    "memorysetup-job-temp-allocator-block-size-background=1048576"
    "memorysetup-job-temp-allocator-reduction-small-platforms=262144"
    "memorysetup-allocator-temp-initial-block-size-main=262144"
    "memorysetup-allocator-temp-initial-block-size-worker=262144"
    "memorysetup-temp-allocator-size-background-worker=32768"
    "memorysetup-temp-allocator-size-job-worker=262144"
    "memorysetup-temp-allocator-size-preload-manager=33554432"
    "memorysetup-temp-allocator-size-nav-mesh-worker=65536"
    "memorysetup-temp-allocator-size-audio-worker=65536"
    "memorysetup-temp-allocator-size-cloud-worker=32768"
    "memorysetup-temp-allocator-size-gi-baking-worker=262144"
    "memorysetup-temp-allocator-size-gfx=262144"
Player connection [22676] Host "[IP] 192.168.0.11 [Port] 0 [Flags] 2 [Guid] 1125204793 [EditorId] 1125204793 [Version] 1048832 [Id] WindowsEditor(7,DESKTOP-63TTQN4) [Debug] 1 [PackageName] WindowsEditor [ProjectName] Editor" joined multi-casting on [225.0.0.222:54997]...

Player connection [22676] Host "[IP] 192.168.0.11 [Port] 0 [Flags] 2 [Guid] 1125204793 [EditorId] 1125204793 [Version] 1048832 [Id] WindowsEditor(7,DESKTOP-63TTQN4) [Debug] 1 [PackageName] WindowsEditor [ProjectName] Editor" joined alternative multi-casting on [225.0.0.222:34997]...

[Physics::Module] Initialized MultithreadedJobDispatcher with 11 workers.
Refreshing native plugins compatible for Editor in 13.49 ms, found 3 plugins.
Preloading 0 native plugins for Editor in 0.00 ms.
Initialize engine version: 2022.3.17f1 (4fc78088f837)
[Subsystems] Discovering subsystems at path C:/Program Files/Unity/Hub/Editor/2022.3.17f1/Editor/Data/Resources/UnitySubsystems
[Subsystems] Discovering subsystems at path D:/Git/SheepWrangler/Assets
GfxDevice: creating device client; threaded=0; jobified=0
Direct3D:
    Version:  Direct3D 11.0 [level 11.1]
    Renderer: NVIDIA GeForce RTX 3060 Laptop GPU (ID=0x2560)
    Vendor:   NVIDIA
    VRAM:     6009 MB
    Driver:   31.0.15.3623
Initialize mono
Mono path[0] = 'C:/Program Files/Unity/Hub/Editor/2022.3.17f1/Editor/Data/Managed'
Mono path[1] = 'C:/Program Files/Unity/Hub/Editor/2022.3.17f1/Editor/Data/MonoBleedingEdge/lib/mono/unityjit-win32'
Mono config path = 'C:/Program Files/Unity/Hub/Editor/2022.3.17f1/Editor/Data/MonoBleedingEdge/etc'
Using monoOptions --debugger-agent=transport=dt_socket,embedding=1,server=y,suspend=n,address=127.0.0.1:56828
Begin MonoManager ReloadAssembly
Registering precompiled unity dll's ...
Register platform support module: C:/Program Files/Unity/Hub/Editor/2022.3.17f1/Editor/Data/PlaybackEngines/WebGLSupport/UnityEditor.WebGL.Extensions.dll
Register platform support module: C:/Program Files/Unity/Hub/Editor/2022.3.17f1/Editor/Data/PlaybackEngines/AndroidPlayer/UnityEditor.Android.Extensions.dll
Register platform support module: C:/Program Files/Unity/Hub/Editor/2022.3.17f1/Editor/Data/PlaybackEngines/WindowsStandaloneSupport/UnityEditor.WindowsStandalone.Extensions.dll
Register platform support module: C:/Program Files/Unity/Hub/Editor/2022.3.17f1/Editor/Data/PlaybackEngines/MetroSupport/UnityEditor.UWP.Extensions.dll
Registered in 0.013686 seconds.
- Loaded All Assemblies, in  0.472 seconds
Native extension for UWP target not found
Native extension for WindowsStandalone target not found
Native extension for Android target not found
Android Extension - Scanning For ADB Devices 446 ms
Native extension for WebGL target not found
Mono: successfully reloaded assembly
- Finished resetting the current domain, in  0.868 seconds
Domain Reload Profiling: 1338ms
	BeginReloadAssembly (136ms)
		ExecutionOrderSort (0ms)
		DisableScriptedObjects (0ms)
		BackupInstance (0ms)
		ReleaseScriptingObjects (0ms)
		CreateAndSetChildDomain (1ms)
	RebuildCommonClasses (39ms)
	RebuildNativeTypeToScriptingClass (11ms)
	initialDomainReloadingComplete (74ms)
	LoadAllAssembliesAndSetupDomain (209ms)
		LoadAssemblies (135ms)
		RebuildTransferFunctionScriptingTraits (0ms)
		AnalyzeDomain (205ms)
			TypeCache.Refresh (203ms)
				TypeCache.ScanAssembly (179ms)
			ScanForSourceGeneratedMonoScriptInfo (1ms)
			ResolveRequiredComponents (1ms)
	FinalizeReload (868ms)
		ReleaseScriptCaches (0ms)
		RebuildScriptCaches (0ms)
		SetupLoadedEditorAssemblies (793ms)
			LogAssemblyErrors (0ms)
			InitializePlatformSupportModulesInManaged (589ms)
			SetLoadedEditorAssemblies (4ms)
			RefreshPlugins (0ms)
			BeforeProcessingInitializeOnLoad (3ms)
			ProcessInitializeOnLoadAttributes (139ms)
			ProcessInitializeOnLoadMethodAttributes (58ms)
			AfterProcessingInitializeOnLoad (0ms)
			EditorAssembliesLoaded (0ms)
		ExecutionOrderSort2 (0ms)
		AwakeInstancesAfterBackupRestoration (0ms)
========================================================================
Worker process is ready to serve import requests
Begin MonoManager ReloadAssembly
- Loaded All Assemblies, in  0.811 seconds
Refreshing native plugins compatible for Editor in 4.34 ms, found 3 plugins.
Native extension for UWP target not found
Native extension for WindowsStandalone target not found
Native extension for Android target not found
Native extension for WebGL target not found
Package Manager log level set to [2]
[Package Manager] Server::EnsureServerProcessIsRunning -- launch failed, reason: Unity was launched with the -noUpm command-line argument
[Package Manager] UpmClient::Send -- Unable to send message (not connected to UPM process).
[Package Manager] Cannot connect to Unity Package Manager local server
Mono: successfully reloaded assembly
- Finished resetting the current domain, in  0.753 seconds
Domain Reload Profiling: 1565ms
	BeginReloadAssembly (176ms)
		ExecutionOrderSort (0ms)
		DisableScriptedObjects (5ms)
		BackupInstance (0ms)
		ReleaseScriptingObjects (0ms)
		CreateAndSetChildDomain (30ms)
	RebuildCommonClasses (38ms)
	RebuildNativeTypeToScriptingClass (11ms)
	initialDomainReloadingComplete (45ms)
	LoadAllAssembliesAndSetupDomain (540ms)
		LoadAssemblies (370ms)
		RebuildTransferFunctionScriptingTraits (0ms)
		AnalyzeDomain (270ms)
			TypeCache.Refresh (218ms)
				TypeCache.ScanAssembly (193ms)
			ScanForSourceGeneratedMonoScriptInfo (35ms)
			ResolveRequiredComponents (14ms)
	FinalizeReload (754ms)
		ReleaseScriptCaches (0ms)
		RebuildScriptCaches (0ms)
		SetupLoadedEditorAssemblies (566ms)
			LogAssemblyErrors (0ms)
			InitializePlatformSupportModulesInManaged (29ms)
			SetLoadedEditorAssemblies (4ms)
			RefreshPlugins (0ms)
			BeforeProcessingInitializeOnLoad (79ms)
			ProcessInitializeOnLoadAttributes (361ms)
			ProcessInitializeOnLoadMethodAttributes (84ms)
			AfterProcessingInitializeOnLoad (9ms)
			EditorAssembliesLoaded (0ms)
		ExecutionOrderSort2 (0ms)
		AwakeInstancesAfterBackupRestoration (6ms)
Launched and connected shader compiler UnityShaderCompiler.exe after 0.06 seconds
Refreshing native plugins compatible for Editor in 3.37 ms, found 3 plugins.
Preloading 0 native plugins for Editor in 0.00 ms.
Unloading 5167 Unused Serialized files (Serialized files now loaded: 0)
Unloading 96 unused Assets / (0.6 MB). Loaded Objects now: 5625.
Memory consumption went from 229.9 MB to 229.3 MB.
Total: 6.709300 ms (FindLiveObjects: 1.120100 ms CreateObjectMapping: 0.303100 ms MarkObjects: 4.506500 ms  DeleteObjects: 0.777100 ms)

AssetImportParameters requested are different than current active one (requested -> active):
  custom:container-demuxer-ogg: 62fdf1f143b41e24485cea50d1cbac27 -> 
  custom:scripting/monoscript/fileName/HUD.cs: 2aafd838ba940298a917478f89979439 -> c167c998b80bfd6ca7dd4f0eb0947d93
  custom:video-codec-MediaFoundation-h265: 746d11721c4dcdbdad8f713fa42b33f4 -> 
  custom:video-decoder-ogg-theora: a1e56fd34408186e4bbccfd4996cb3dc -> 
  custom:framework-win-MediaFoundation: 216162199b28c13a410421893ffa2e32 -> 
  custom:CustomObjectIndexerAttribute: 0f5f72dab822025b0759b197a3119d15 -> 
  custom:container-demuxer-webm: 4f35f7cbe854078d1ac9338744f61a02 -> 
  custom:container-muxer-webm: aa71ff27fc2769a1b78a27578f13a17b -> 
  custom:video-decoder-webm-vp8: 9c59270c3fd7afecdb556c50c9e8de78 -> 
  custom:SearchIndexIgnoredProperties: e643bd26f0fe6173181afceb89e7c659 -> 
  custom:AudioImporter_EditorPlatform: d09bf68614088b80899f8185d706f6e7 -> 
  custom:video-encoder-webm-vp8: eb34c28f22e8b96e1ab97ce403110664 -> 
  custom:audio-decoder-ogg-vorbis: bf7c407c2cedff20999df2af8eb42d56 -> 
  custom:audio-encoder-webm-vorbis: bf7c407c2cedff20999df2af8eb42d56 -> 
  custom:scripting/monoscript/fileName/PopupMenuUIHandler.cs: 1adb11e49145aef45126f460b720254b -> b725b7d05adad5b269d7c37fdae12601
========================================================================
Received Import Request.
  Time since last request: 339920.336016 seconds.
  path: Assets/SkythianCat/Sunny_Village_LITE/Prefabs/Maple.prefab
  artifactKey: Guid(3340040610682b24c9c64dfd2cfe63a0) Importer(815301076,1909f56bfc062723c751e8b465ee728b)
Start importing Assets/SkythianCat/Sunny_Village_LITE/Prefabs/Maple.prefab using Guid(3340040610682b24c9c64dfd2cfe63a0) Importer(815301076,1909f56bfc062723c751e8b465ee728b)  -> (artifact id: '048e02dd85a53a95ffd59fb701e94e01') in 0.320987 seconds
Number of updated asset objects reloaded before import = 0
Number of asset objects unloaded after import = 81
========================================================================
Received Import Request.
  Time since last request: 2.533579 seconds.
  path: Assets/3DModels
  artifactKey: Guid(528690292b72d4640831b15a30ecfaf1) Importer(815301076,1909f56bfc062723c751e8b465ee728b)
Start importing Assets/3DModels using Guid(528690292b72d4640831b15a30ecfaf1) Importer(815301076,1909f56bfc062723c751e8b465ee728b)  -> (artifact id: 'def968d68c2938af3e01cc072c7ff133') in 0.000722 seconds
Number of updated asset objects reloaded before import = 0
Number of asset objects unloaded after import = 0
========================================================================
Received Import Request.
  Time since last request: 6.325571 seconds.
  path: Assets/VFX
  artifactKey: Guid(bc8829329476e0f4abfdae2bd4e42331) Importer(815301076,1909f56bfc062723c751e8b465ee728b)
Start importing Assets/VFX using Guid(bc8829329476e0f4abfdae2bd4e42331) Importer(815301076,1909f56bfc062723c751e8b465ee728b)  -> (artifact id: '5f38605ab32c9ec0470153364ea03b46') in 0.000904 seconds
Number of updated asset objects reloaded before import = 0
Number of asset objects unloaded after import = 0
========================================================================
Received Import Request.
  Time since last request: 7.438376 seconds.
  path: Assets/Lana Studio
  artifactKey: Guid(6166efbc487968442b3463b29564f3b2) Importer(815301076,1909f56bfc062723c751e8b465ee728b)
Start importing Assets/Lana Studio using Guid(6166efbc487968442b3463b29564f3b2) Importer(815301076,1909f56bfc062723c751e8b465ee728b)  -> (artifact id: '6251ab45f5f17a680cf9157beead9eac') in 0.000785 seconds
Number of updated asset objects reloaded before import = 0
Number of asset objects unloaded after import = 0
========================================================================
Received Prepare
Assembly with name 'CFXR.WelcomeScreen' already exists (Assets/JMO Assets/Welcome Screen/CFXR.WelcomeScreen.asmdef)
Assembly with name 'CFXR.WelcomeScreen' already exists (Assets/VFX/JMO Assets/Welcome Screen/CFXR.WelcomeScreen.asmdef)
Assembly with name 'KinoBloom.Runtime' already exists (Assets/JMO Assets/Cartoon FX Remaster/Demo Assets/Kino Bloom/KinoBloom.Runtime.asmdef)
Assembly with name 'KinoBloom.Runtime' already exists (Assets/VFX/JMO Assets/Cartoon FX Remaster/Demo Assets/Kino Bloom/KinoBloom.Runtime.asmdef)
Assembly with name 'ToonyColorsPro.Demo.Editor' already exists (Assets/JMO Assets/Cartoon FX Remaster/Demo Assets/Kino Bloom/Editor/KinoBloom.Editor.asmdef)
Assembly with name 'ToonyColorsPro.Demo.Editor' already exists (Assets/VFX/JMO Assets/Cartoon FX Remaster/Demo Assets/Kino Bloom/Editor/KinoBloom.Editor.asmdef)
Assembly with name 'CFXRDemo' already exists (Assets/JMO Assets/Cartoon FX Remaster/Demo Assets/CFXR Demo.asmdef)
Assembly with name 'CFXRDemo' already exists (Assets/VFX/JMO Assets/Cartoon FX Remaster/Demo Assets/CFXR Demo.asmdef)
Assembly with name 'CFXRRuntime' already exists (Assets/VFX/JMO Assets/Cartoon FX Remaster/CFXR Assets/Scripts/CFXR Runtime.asmdef)
Assembly with name 'CFXRRuntime' already exists (Assets/JMO Assets/Cartoon FX Remaster/CFXR Assets/Scripts/CFXR Runtime.asmdef)
Assembly with name 'CFXREditor' already exists (Assets/VFX/JMO Assets/Cartoon FX Remaster/CFXR Assets/Editor/CFXR Editor.asmdef)
Assembly with name 'CFXREditor' already exists (Assets/JMO Assets/Cartoon FX Remaster/CFXR Assets/Editor/CFXR Editor.asmdef)
Assembly with name 'CFXR.WelcomeScreen' already exists (Assets/JMO Assets/Welcome Screen/CFXR.WelcomeScreen.asmdef)
Assembly with name 'CFXR.WelcomeScreen' already exists (Assets/VFX/JMO Assets/Welcome Screen/CFXR.WelcomeScreen.asmdef)
Assembly with name 'KinoBloom.Runtime' already exists (Assets/JMO Assets/Cartoon FX Remaster/Demo Assets/Kino Bloom/KinoBloom.Runtime.asmdef)
Assembly with name 'KinoBloom.Runtime' already exists (Assets/VFX/JMO Assets/Cartoon FX Remaster/Demo Assets/Kino Bloom/KinoBloom.Runtime.asmdef)
Assembly with name 'ToonyColorsPro.Demo.Editor' already exists (Assets/JMO Assets/Cartoon FX Remaster/Demo Assets/Kino Bloom/Editor/KinoBloom.Editor.asmdef)
Assembly with name 'ToonyColorsPro.Demo.Editor' already exists (Assets/VFX/JMO Assets/Cartoon FX Remaster/Demo Assets/Kino Bloom/Editor/KinoBloom.Editor.asmdef)
Assembly with name 'CFXRDemo' already exists (Assets/JMO Assets/Cartoon FX Remaster/Demo Assets/CFXR Demo.asmdef)
Assembly with name 'CFXRDemo' already exists (Assets/VFX/JMO Assets/Cartoon FX Remaster/Demo Assets/CFXR Demo.asmdef)
Assembly with name 'CFXRRuntime' already exists (Assets/VFX/JMO Assets/Cartoon FX Remaster/CFXR Assets/Scripts/CFXR Runtime.asmdef)
Assembly with name 'CFXRRuntime' already exists (Assets/JMO Assets/Cartoon FX Remaster/CFXR Assets/Scripts/CFXR Runtime.asmdef)
Assembly with name 'CFXREditor' already exists (Assets/VFX/JMO Assets/Cartoon FX Remaster/CFXR Assets/Editor/CFXR Editor.asmdef)
Assembly with name 'CFXREditor' already exists (Assets/JMO Assets/Cartoon FX Remaster/CFXR Assets/Editor/CFXR Editor.asmdef)
Begin MonoManager ReloadAssembly
- Loaded All Assemblies, in  0.612 seconds
Refreshing native plugins compatible for Editor in 4.15 ms, found 3 plugins.
Native extension for UWP target not found
Native extension for WindowsStandalone target not found
Native extension for Android target not found
Native extension for WebGL target not found
Assembly with name 'CFXR.WelcomeScreen' already exists (Assets/JMO Assets/Welcome Screen/CFXR.WelcomeScreen.asmdef)
Assembly with name 'CFXR.WelcomeScreen' already exists (Assets/VFX/JMO Assets/Welcome Screen/CFXR.WelcomeScreen.asmdef)
Assembly with name 'KinoBloom.Runtime' already exists (Assets/JMO Assets/Cartoon FX Remaster/Demo Assets/Kino Bloom/KinoBloom.Runtime.asmdef)
Assembly with name 'KinoBloom.Runtime' already exists (Assets/VFX/JMO Assets/Cartoon FX Remaster/Demo Assets/Kino Bloom/KinoBloom.Runtime.asmdef)
Assembly with name 'ToonyColorsPro.Demo.Editor' already exists (Assets/JMO Assets/Cartoon FX Remaster/Demo Assets/Kino Bloom/Editor/KinoBloom.Editor.asmdef)
Assembly with name 'ToonyColorsPro.Demo.Editor' already exists (Assets/VFX/JMO Assets/Cartoon FX Remaster/Demo Assets/Kino Bloom/Editor/KinoBloom.Editor.asmdef)
Assembly with name 'CFXRDemo' already exists (Assets/JMO Assets/Cartoon FX Remaster/Demo Assets/CFXR Demo.asmdef)
Assembly with name 'CFXRDemo' already exists (Assets/VFX/JMO Assets/Cartoon FX Remaster/Demo Assets/CFXR Demo.asmdef)
Assembly with name 'CFXRRuntime' already exists (Assets/VFX/JMO Assets/Cartoon FX Remaster/CFXR Assets/Scripts/CFXR Runtime.asmdef)
Assembly with name 'CFXRRuntime' already exists (Assets/JMO Assets/Cartoon FX Remaster/CFXR Assets/Scripts/CFXR Runtime.asmdef)
Assembly with name 'CFXREditor' already exists (Assets/VFX/JMO Assets/Cartoon FX Remaster/CFXR Assets/Editor/CFXR Editor.asmdef)
Assembly with name 'CFXREditor' already exists (Assets/JMO Assets/Cartoon FX Remaster/CFXR Assets/Editor/CFXR Editor.asmdef)
[Package Manager] Server::EnsureServerProcessIsRunning -- launch failed, reason: Unity was launched with the -noUpm command-line argument
[Package Manager] UpmClient::Send -- Unable to send message (not connected to UPM process).
[Package Manager] Cannot connect to Unity Package Manager local server
Mono: successfully reloaded assembly
- Finished resetting the current domain, in  1.304 seconds
Domain Reload Profiling: 1913ms
	BeginReloadAssembly (203ms)
		ExecutionOrderSort (0ms)
		DisableScriptedObjects (12ms)
		BackupInstance (0ms)
		ReleaseScriptingObjects (0ms)
		CreateAndSetChildDomain (53ms)
	RebuildCommonClasses (46ms)
	RebuildNativeTypeToScriptingClass (12ms)
	initialDomainReloadingComplete (43ms)
	LoadAllAssembliesAndSetupDomain (304ms)
		LoadAssemblies (351ms)
		RebuildTransferFunctionScriptingTraits (0ms)
		AnalyzeDomain (59ms)
			TypeCache.Refresh (17ms)
				TypeCache.ScanAssembly (3ms)
			ScanForSourceGeneratedMonoScriptInfo (26ms)
			ResolveRequiredComponents (14ms)
	FinalizeReload (1305ms)
		ReleaseScriptCaches (0ms)
		RebuildScriptCaches (0ms)
		SetupLoadedEditorAssemblies (524ms)
			LogAssemblyErrors (0ms)
			InitializePlatformSupportModulesInManaged (28ms)
			SetLoadedEditorAssemblies (4ms)
			RefreshPlugins (0ms)
			BeforeProcessingInitializeOnLoad (102ms)
			ProcessInitializeOnLoadAttributes (314ms)
			ProcessInitializeOnLoadMethodAttributes (68ms)
			AfterProcessingInitializeOnLoad (7ms)
			EditorAssembliesLoaded (0ms)
		ExecutionOrderSort2 (0ms)
		AwakeInstancesAfterBackupRestoration (11ms)
Refreshing native plugins compatible for Editor in 2.78 ms, found 3 plugins.
Preloading 0 native plugins for Editor in 0.00 ms.
Unloading 5039 Unused Serialized files (Serialized files now loaded: 0)
Unloading 71 unused Assets / (0.6 MB). Loaded Objects now: 5674.
Memory consumption went from 204.1 MB to 203.5 MB.
Total: 5.167800 ms (FindLiveObjects: 0.694800 ms CreateObjectMapping: 0.197500 ms MarkObjects: 3.814000 ms  DeleteObjects: 0.460100 ms)

Prepare: number of updated asset objects reloaded= 5
AssetImportParameters requested are different than current active one (requested -> active):
  custom:container-demuxer-ogg: 62fdf1f143b41e24485cea50d1cbac27 -> 
  custom:scripting/monoscript/fileName/HUD.cs: 2aafd838ba940298a917478f89979439 -> c167c998b80bfd6ca7dd4f0eb0947d93
  custom:video-codec-MediaFoundation-h265: 746d11721c4dcdbdad8f713fa42b33f4 -> 
  custom:video-decoder-ogg-theora: a1e56fd34408186e4bbccfd4996cb3dc -> 
  custom:framework-win-MediaFoundation: 216162199b28c13a410421893ffa2e32 -> 
  custom:CustomObjectIndexerAttribute: 0f5f72dab822025b0759b197a3119d15 -> 
  custom:container-demuxer-webm: 4f35f7cbe854078d1ac9338744f61a02 -> 
  custom:container-muxer-webm: aa71ff27fc2769a1b78a27578f13a17b -> 
  custom:video-decoder-webm-vp8: 9c59270c3fd7afecdb556c50c9e8de78 -> 
  custom:SearchIndexIgnoredProperties: e643bd26f0fe6173181afceb89e7c659 -> 
  custom:AudioImporter_EditorPlatform: d09bf68614088b80899f8185d706f6e7 -> 
  custom:video-encoder-webm-vp8: eb34c28f22e8b96e1ab97ce403110664 -> 
  custom:audio-decoder-ogg-vorbis: bf7c407c2cedff20999df2af8eb42d56 -> 
  custom:audio-encoder-webm-vorbis: bf7c407c2cedff20999df2af8eb42d56 -> 
  custom:scripting/monoscript/fileName/PopupMenuUIHandler.cs: 1adb11e49145aef45126f460b720254b -> b725b7d05adad5b269d7c37fdae12601
========================================================================
Received Import Request.
  Time since last request: 91.435294 seconds.
  path: Assets/MedieVox/MedieVox Farms/Models/Box/Box_2.fbx
  artifactKey: Guid(4e98d529ca211ac4c85fcdf51323817c) Importer(815301076,1909f56bfc062723c751e8b465ee728b)
Start importing Assets/MedieVox/MedieVox Farms/Models/Box/Box_2.fbx using Guid(4e98d529ca211ac4c85fcdf51323817c) Importer(815301076,1909f56bfc062723c751e8b465ee728b)  -> (artifact id: 'dc7ee84b50c1649ab177d1352d5c1377') in 0.341259 seconds
Number of updated asset objects reloaded before import = 0
Number of asset objects unloaded after import = 86
========================================================================
Received Import Request.
  Time since last request: 0.186511 seconds.
  path: Assets/MedieVox/MedieVox Farms/Models/Box/Box_4.fbx
  artifactKey: Guid(a910494805f32db418e1f218935b4d84) Importer(815301076,1909f56bfc062723c751e8b465ee728b)
Start importing Assets/MedieVox/MedieVox Farms/Models/Box/Box_4.fbx using Guid(a910494805f32db418e1f218935b4d84) Importer(815301076,1909f56bfc062723c751e8b465ee728b)  -> (artifact id: 'f62ccd5ddf29b19aa411a585ba1f191e') in 0.060151 seconds
Number of updated asset objects reloaded before import = 0
Number of asset objects unloaded after import = 67
========================================================================
Received Prepare
Assembly with name 'CFXR.WelcomeScreen' already exists (Assets/JMO Assets/Welcome Screen/CFXR.WelcomeScreen.asmdef)
Assembly with name 'CFXR.WelcomeScreen' already exists (Assets/VFX/JMO Assets/Welcome Screen/CFXR.WelcomeScreen.asmdef)
Assembly with name 'KinoBloom.Runtime' already exists (Assets/JMO Assets/Cartoon FX Remaster/Demo Assets/Kino Bloom/KinoBloom.Runtime.asmdef)
Assembly with name 'KinoBloom.Runtime' already exists (Assets/VFX/JMO Assets/Cartoon FX Remaster/Demo Assets/Kino Bloom/KinoBloom.Runtime.asmdef)
Assembly with name 'ToonyColorsPro.Demo.Editor' already exists (Assets/JMO Assets/Cartoon FX Remaster/Demo Assets/Kino Bloom/Editor/KinoBloom.Editor.asmdef)
Assembly with name 'ToonyColorsPro.Demo.Editor' already exists (Assets/VFX/JMO Assets/Cartoon FX Remaster/Demo Assets/Kino Bloom/Editor/KinoBloom.Editor.asmdef)
Assembly with name 'CFXRDemo' already exists (Assets/JMO Assets/Cartoon FX Remaster/Demo Assets/CFXR Demo.asmdef)
Assembly with name 'CFXRDemo' already exists (Assets/VFX/JMO Assets/Cartoon FX Remaster/Demo Assets/CFXR Demo.asmdef)
Assembly with name 'CFXRRuntime' already exists (Assets/VFX/JMO Assets/Cartoon FX Remaster/CFXR Assets/Scripts/CFXR Runtime.asmdef)
Assembly with name 'CFXRRuntime' already exists (Assets/JMO Assets/Cartoon FX Remaster/CFXR Assets/Scripts/CFXR Runtime.asmdef)
Assembly with name 'CFXREditor' already exists (Assets/VFX/JMO Assets/Cartoon FX Remaster/CFXR Assets/Editor/CFXR Editor.asmdef)
Assembly with name 'CFXREditor' already exists (Assets/JMO Assets/Cartoon FX Remaster/CFXR Assets/Editor/CFXR Editor.asmdef)
Assembly with name 'CFXR.WelcomeScreen' already exists (Assets/JMO Assets/Welcome Screen/CFXR.WelcomeScreen.asmdef)
Assembly with name 'CFXR.WelcomeScreen' already exists (Assets/VFX/JMO Assets/Welcome Screen/CFXR.WelcomeScreen.asmdef)
Assembly with name 'KinoBloom.Runtime' already exists (Assets/JMO Assets/Cartoon FX Remaster/Demo Assets/Kino Bloom/KinoBloom.Runtime.asmdef)
Assembly with name 'KinoBloom.Runtime' already exists (Assets/VFX/JMO Assets/Cartoon FX Remaster/Demo Assets/Kino Bloom/KinoBloom.Runtime.asmdef)
Assembly with name 'ToonyColorsPro.Demo.Editor' already exists (Assets/JMO Assets/Cartoon FX Remaster/Demo Assets/Kino Bloom/Editor/KinoBloom.Editor.asmdef)
Assembly with name 'ToonyColorsPro.Demo.Editor' already exists (Assets/VFX/JMO Assets/Cartoon FX Remaster/Demo Assets/Kino Bloom/Editor/KinoBloom.Editor.asmdef)
Assembly with name 'CFXRDemo' already exists (Assets/JMO Assets/Cartoon FX Remaster/Demo Assets/CFXR Demo.asmdef)
Assembly with name 'CFXRDemo' already exists (Assets/VFX/JMO Assets/Cartoon FX Remaster/Demo Assets/CFXR Demo.asmdef)
Assembly with name 'CFXRRuntime' already exists (Assets/VFX/JMO Assets/Cartoon FX Remaster/CFXR Assets/Scripts/CFXR Runtime.asmdef)
Assembly with name 'CFXRRuntime' already exists (Assets/JMO Assets/Cartoon FX Remaster/CFXR Assets/Scripts/CFXR Runtime.asmdef)
Assembly with name 'CFXREditor' already exists (Assets/VFX/JMO Assets/Cartoon FX Remaster/CFXR Assets/Editor/CFXR Editor.asmdef)
Assembly with name 'CFXREditor' already exists (Assets/JMO Assets/Cartoon FX Remaster/CFXR Assets/Editor/CFXR Editor.asmdef)
Begin MonoManager ReloadAssembly
- Loaded All Assemblies, in  0.556 seconds
Refreshing native plugins compatible for Editor in 3.67 ms, found 3 plugins.
Native extension for UWP target not found
Native extension for WindowsStandalone target not found
Native extension for Android target not found
Native extension for WebGL target not found
Assembly with name 'CFXR.WelcomeScreen' already exists (Assets/JMO Assets/Welcome Screen/CFXR.WelcomeScreen.asmdef)
Assembly with name 'CFXR.WelcomeScreen' already exists (Assets/VFX/JMO Assets/Welcome Screen/CFXR.WelcomeScreen.asmdef)
Assembly with name 'KinoBloom.Runtime' already exists (Assets/JMO Assets/Cartoon FX Remaster/Demo Assets/Kino Bloom/KinoBloom.Runtime.asmdef)
Assembly with name 'KinoBloom.Runtime' already exists (Assets/VFX/JMO Assets/Cartoon FX Remaster/Demo Assets/Kino Bloom/KinoBloom.Runtime.asmdef)
Assembly with name 'ToonyColorsPro.Demo.Editor' already exists (Assets/JMO Assets/Cartoon FX Remaster/Demo Assets/Kino Bloom/Editor/KinoBloom.Editor.asmdef)
Assembly with name 'ToonyColorsPro.Demo.Editor' already exists (Assets/VFX/JMO Assets/Cartoon FX Remaster/Demo Assets/Kino Bloom/Editor/KinoBloom.Editor.asmdef)
Assembly with name 'CFXRDemo' already exists (Assets/JMO Assets/Cartoon FX Remaster/Demo Assets/CFXR Demo.asmdef)
Assembly with name 'CFXRDemo' already exists (Assets/VFX/JMO Assets/Cartoon FX Remaster/Demo Assets/CFXR Demo.asmdef)
Assembly with name 'CFXRRuntime' already exists (Assets/VFX/JMO Assets/Cartoon FX Remaster/CFXR Assets/Scripts/CFXR Runtime.asmdef)
Assembly with name 'CFXRRuntime' already exists (Assets/JMO Assets/Cartoon FX Remaster/CFXR Assets/Scripts/CFXR Runtime.asmdef)
Assembly with name 'CFXREditor' already exists (Assets/VFX/JMO Assets/Cartoon FX Remaster/CFXR Assets/Editor/CFXR Editor.asmdef)
Assembly with name 'CFXREditor' already exists (Assets/JMO Assets/Cartoon FX Remaster/CFXR Assets/Editor/CFXR Editor.asmdef)
[Package Manager] Server::EnsureServerProcessIsRunning -- launch failed, reason: Unity was launched with the -noUpm command-line argument
[Package Manager] UpmClient::Send -- Unable to send message (not connected to UPM process).
[Package Manager] Cannot connect to Unity Package Manager local server
Mono: successfully reloaded assembly
- Finished resetting the current domain, in  1.223 seconds
Domain Reload Profiling: 1777ms
	BeginReloadAssembly (204ms)
		ExecutionOrderSort (0ms)
		DisableScriptedObjects (11ms)
		BackupInstance (0ms)
		ReleaseScriptingObjects (0ms)
		CreateAndSetChildDomain (63ms)
	RebuildCommonClasses (36ms)
	RebuildNativeTypeToScriptingClass (15ms)
	initialDomainReloadingComplete (32ms)
	LoadAllAssembliesAndSetupDomain (267ms)
		LoadAssemblies (319ms)
		RebuildTransferFunctionScriptingTraits (0ms)
		AnalyzeDomain (45ms)
			TypeCache.Refresh (12ms)
				TypeCache.ScanAssembly (2ms)
			ScanForSourceGeneratedMonoScriptInfo (21ms)
			ResolveRequiredComponents (11ms)
	FinalizeReload (1224ms)
		ReleaseScriptCaches (0ms)
		RebuildScriptCaches (0ms)
		SetupLoadedEditorAssemblies (524ms)
			LogAssemblyErrors (0ms)
			InitializePlatformSupportModulesInManaged (30ms)
			SetLoadedEditorAssemblies (4ms)
			RefreshPlugins (0ms)
			BeforeProcessingInitializeOnLoad (102ms)
			ProcessInitializeOnLoadAttributes (313ms)
			ProcessInitializeOnLoadMethodAttributes (68ms)
			AfterProcessingInitializeOnLoad (7ms)
			EditorAssembliesLoaded (0ms)
		ExecutionOrderSort2 (0ms)
		AwakeInstancesAfterBackupRestoration (11ms)
Refreshing native plugins compatible for Editor in 4.00 ms, found 3 plugins.
Preloading 0 native plugins for Editor in 0.00 ms.
Unloading 5039 Unused Serialized files (Serialized files now loaded: 0)
Unloading 71 unused Assets / (0.6 MB). Loaded Objects now: 5717.
Memory consumption went from 206.5 MB to 205.9 MB.
Total: 6.030300 ms (FindLiveObjects: 0.868800 ms CreateObjectMapping: 0.238000 ms MarkObjects: 4.292900 ms  DeleteObjects: 0.629100 ms)

Prepare: number of updated asset objects reloaded= 0
AssetImportParameters requested are different than current active one (requested -> active):
  custom:container-demuxer-ogg: 62fdf1f143b41e24485cea50d1cbac27 -> 
  custom:scripting/monoscript/fileName/HUD.cs: 2aafd838ba940298a917478f89979439 -> c167c998b80bfd6ca7dd4f0eb0947d93
  custom:video-codec-MediaFoundation-h265: 746d11721c4dcdbdad8f713fa42b33f4 -> 
  custom:video-decoder-ogg-theora: a1e56fd34408186e4bbccfd4996cb3dc -> 
  custom:framework-win-MediaFoundation: 216162199b28c13a410421893ffa2e32 -> 
  custom:CustomObjectIndexerAttribute: 0f5f72dab822025b0759b197a3119d15 -> 
  custom:container-demuxer-webm: 4f35f7cbe854078d1ac9338744f61a02 -> 
  custom:container-muxer-webm: aa71ff27fc2769a1b78a27578f13a17b -> 
  custom:video-decoder-webm-vp8: 9c59270c3fd7afecdb556c50c9e8de78 -> 
  custom:SearchIndexIgnoredProperties: e643bd26f0fe6173181afceb89e7c659 -> 
  custom:AudioImporter_EditorPlatform: d09bf68614088b80899f8185d706f6e7 -> 
  custom:video-encoder-webm-vp8: eb34c28f22e8b96e1ab97ce403110664 -> 
  custom:audio-decoder-ogg-vorbis: bf7c407c2cedff20999df2af8eb42d56 -> 
  custom:audio-encoder-webm-vorbis: bf7c407c2cedff20999df2af8eb42d56 -> 
  custom:scripting/monoscript/fileName/PopupMenuUIHandler.cs: 1adb11e49145aef45126f460b720254b -> b725b7d05adad5b269d7c37fdae12601
========================================================================
Received Import Request.
  Time since last request: 40.758933 seconds.
  path: Assets/Visual
  artifactKey: Guid(e400e873ec139214887efd01620fa3c8) Importer(815301076,1909f56bfc062723c751e8b465ee728b)
Start importing Assets/Visual using Guid(e400e873ec139214887efd01620fa3c8) Importer(815301076,1909f56bfc062723c751e8b465ee728b)  -> (artifact id: '22a780ca91daae703f8370d95d2aef25') in 0.015180 seconds
Number of updated asset objects reloaded before import = 0
Number of asset objects unloaded after import = 0
========================================================================
Received Import Request.
  Time since last request: 58.826037 seconds.
  path: Assets/TutorialInfo/Icons/Water Shader icon.PNG
  artifactKey: Guid(766a7edc5f25e3b4daafb5554da17927) Importer(815301076,1909f56bfc062723c751e8b465ee728b)
Start importing Assets/TutorialInfo/Icons/Water Shader icon.PNG using Guid(766a7edc5f25e3b4daafb5554da17927) Importer(815301076,1909f56bfc062723c751e8b465ee728b)  -> (artifact id: 'd72b04652e53104d9df9244096d727b3') in 0.062139 seconds
Number of updated asset objects reloaded before import = 0
Number of asset objects unloaded after import = 2
========================================================================
Received Import Request.
  Time since last request: 4.310204 seconds.
  path: Assets/TutorialInfo/Icons/URP.png
  artifactKey: Guid(727a75301c3d24613a3ebcec4a24c2c8) Importer(815301076,1909f56bfc062723c751e8b465ee728b)
Start importing Assets/TutorialInfo/Icons/URP.png using Guid(727a75301c3d24613a3ebcec4a24c2c8) Importer(815301076,1909f56bfc062723c751e8b465ee728b)  -> (artifact id: '54972229d772c25db42e57c83ca6f4db') in 0.022090 seconds
Number of updated asset objects reloaded before import = 0
Number of asset objects unloaded after import = 2
========================================================================
Received Prepare
Assembly with name 'CFXR.WelcomeScreen' already exists (Assets/JMO Assets/Welcome Screen/CFXR.WelcomeScreen.asmdef)
Assembly with name 'CFXR.WelcomeScreen' already exists (Assets/VFX/JMO Assets/Welcome Screen/CFXR.WelcomeScreen.asmdef)
Assembly with name 'KinoBloom.Runtime' already exists (Assets/JMO Assets/Cartoon FX Remaster/Demo Assets/Kino Bloom/KinoBloom.Runtime.asmdef)
Assembly with name 'KinoBloom.Runtime' already exists (Assets/VFX/JMO Assets/Cartoon FX Remaster/Demo Assets/Kino Bloom/KinoBloom.Runtime.asmdef)
Assembly with name 'ToonyColorsPro.Demo.Editor' already exists (Assets/JMO Assets/Cartoon FX Remaster/Demo Assets/Kino Bloom/Editor/KinoBloom.Editor.asmdef)
Assembly with name 'ToonyColorsPro.Demo.Editor' already exists (Assets/VFX/JMO Assets/Cartoon FX Remaster/Demo Assets/Kino Bloom/Editor/KinoBloom.Editor.asmdef)
Assembly with name 'CFXRDemo' already exists (Assets/JMO Assets/Cartoon FX Remaster/Demo Assets/CFXR Demo.asmdef)
Assembly with name 'CFXRDemo' already exists (Assets/VFX/JMO Assets/Cartoon FX Remaster/Demo Assets/CFXR Demo.asmdef)
Assembly with name 'CFXRRuntime' already exists (Assets/VFX/JMO Assets/Cartoon FX Remaster/CFXR Assets/Scripts/CFXR Runtime.asmdef)
Assembly with name 'CFXRRuntime' already exists (Assets/JMO Assets/Cartoon FX Remaster/CFXR Assets/Scripts/CFXR Runtime.asmdef)
Assembly with name 'CFXREditor' already exists (Assets/VFX/JMO Assets/Cartoon FX Remaster/CFXR Assets/Editor/CFXR Editor.asmdef)
Assembly with name 'CFXREditor' already exists (Assets/JMO Assets/Cartoon FX Remaster/CFXR Assets/Editor/CFXR Editor.asmdef)
Assembly with name 'CFXR.WelcomeScreen' already exists (Assets/JMO Assets/Welcome Screen/CFXR.WelcomeScreen.asmdef)
Assembly with name 'CFXR.WelcomeScreen' already exists (Assets/VFX/JMO Assets/Welcome Screen/CFXR.WelcomeScreen.asmdef)
Assembly with name 'KinoBloom.Runtime' already exists (Assets/JMO Assets/Cartoon FX Remaster/Demo Assets/Kino Bloom/KinoBloom.Runtime.asmdef)
Assembly with name 'KinoBloom.Runtime' already exists (Assets/VFX/JMO Assets/Cartoon FX Remaster/Demo Assets/Kino Bloom/KinoBloom.Runtime.asmdef)
Assembly with name 'ToonyColorsPro.Demo.Editor' already exists (Assets/JMO Assets/Cartoon FX Remaster/Demo Assets/Kino Bloom/Editor/KinoBloom.Editor.asmdef)
Assembly with name 'ToonyColorsPro.Demo.Editor' already exists (Assets/VFX/JMO Assets/Cartoon FX Remaster/Demo Assets/Kino Bloom/Editor/KinoBloom.Editor.asmdef)
Assembly with name 'CFXRDemo' already exists (Assets/JMO Assets/Cartoon FX Remaster/Demo Assets/CFXR Demo.asmdef)
Assembly with name 'CFXRDemo' already exists (Assets/VFX/JMO Assets/Cartoon FX Remaster/Demo Assets/CFXR Demo.asmdef)
Assembly with name 'CFXRRuntime' already exists (Assets/VFX/JMO Assets/Cartoon FX Remaster/CFXR Assets/Scripts/CFXR Runtime.asmdef)
Assembly with name 'CFXRRuntime' already exists (Assets/JMO Assets/Cartoon FX Remaster/CFXR Assets/Scripts/CFXR Runtime.asmdef)
Assembly with name 'CFXREditor' already exists (Assets/VFX/JMO Assets/Cartoon FX Remaster/CFXR Assets/Editor/CFXR Editor.asmdef)
Assembly with name 'CFXREditor' already exists (Assets/JMO Assets/Cartoon FX Remaster/CFXR Assets/Editor/CFXR Editor.asmdef)
Begin MonoManager ReloadAssembly
- Loaded All Assemblies, in  0.538 seconds
Refreshing native plugins compatible for Editor in 3.32 ms, found 3 plugins.
Native extension for UWP target not found
Native extension for WindowsStandalone target not found
Native extension for Android target not found
Native extension for WebGL target not found
Assembly with name 'CFXR.WelcomeScreen' already exists (Assets/JMO Assets/Welcome Screen/CFXR.WelcomeScreen.asmdef)
Assembly with name 'CFXR.WelcomeScreen' already exists (Assets/VFX/JMO Assets/Welcome Screen/CFXR.WelcomeScreen.asmdef)
Assembly with name 'KinoBloom.Runtime' already exists (Assets/JMO Assets/Cartoon FX Remaster/Demo Assets/Kino Bloom/KinoBloom.Runtime.asmdef)
Assembly with name 'KinoBloom.Runtime' already exists (Assets/VFX/JMO Assets/Cartoon FX Remaster/Demo Assets/Kino Bloom/KinoBloom.Runtime.asmdef)
Assembly with name 'ToonyColorsPro.Demo.Editor' already exists (Assets/JMO Assets/Cartoon FX Remaster/Demo Assets/Kino Bloom/Editor/KinoBloom.Editor.asmdef)
Assembly with name 'ToonyColorsPro.Demo.Editor' already exists (Assets/VFX/JMO Assets/Cartoon FX Remaster/Demo Assets/Kino Bloom/Editor/KinoBloom.Editor.asmdef)
Assembly with name 'CFXRDemo' already exists (Assets/JMO Assets/Cartoon FX Remaster/Demo Assets/CFXR Demo.asmdef)
Assembly with name 'CFXRDemo' already exists (Assets/VFX/JMO Assets/Cartoon FX Remaster/Demo Assets/CFXR Demo.asmdef)
Assembly with name 'CFXRRuntime' already exists (Assets/VFX/JMO Assets/Cartoon FX Remaster/CFXR Assets/Scripts/CFXR Runtime.asmdef)
Assembly with name 'CFXRRuntime' already exists (Assets/JMO Assets/Cartoon FX Remaster/CFXR Assets/Scripts/CFXR Runtime.asmdef)
Assembly with name 'CFXREditor' already exists (Assets/VFX/JMO Assets/Cartoon FX Remaster/CFXR Assets/Editor/CFXR Editor.asmdef)
Assembly with name 'CFXREditor' already exists (Assets/JMO Assets/Cartoon FX Remaster/CFXR Assets/Editor/CFXR Editor.asmdef)
[Package Manager] Server::EnsureServerProcessIsRunning -- launch failed, reason: Unity was launched with the -noUpm command-line argument
[Package Manager] UpmClient::Send -- Unable to send message (not connected to UPM process).
[Package Manager] Cannot connect to Unity Package Manager local server
Mono: successfully reloaded assembly
- Finished resetting the current domain, in  1.214 seconds
Domain Reload Profiling: 1751ms
	BeginReloadAssembly (194ms)
		ExecutionOrderSort (0ms)
		DisableScriptedObjects (5ms)
		BackupInstance (0ms)
		ReleaseScriptingObjects (0ms)
		CreateAndSetChildDomain (63ms)
	RebuildCommonClasses (34ms)
	RebuildNativeTypeToScriptingClass (12ms)
	initialDomainReloadingComplete (35ms)
	LoadAllAssembliesAndSetupDomain (262ms)
		LoadAssemblies (304ms)
		RebuildTransferFunctionScriptingTraits (0ms)
		AnalyzeDomain (51ms)
			TypeCache.Refresh (16ms)
				TypeCache.ScanAssembly (2ms)
			ScanForSourceGeneratedMonoScriptInfo (22ms)
			ResolveRequiredComponents (11ms)
	FinalizeReload (1215ms)
		ReleaseScriptCaches (0ms)
		RebuildScriptCaches (0ms)
		SetupLoadedEditorAssemblies (520ms)
			LogAssemblyErrors (0ms)
			InitializePlatformSupportModulesInManaged (28ms)
			SetLoadedEditorAssemblies (3ms)
			RefreshPlugins (0ms)
			BeforeProcessingInitializeOnLoad (105ms)
			ProcessInitializeOnLoadAttributes (305ms)
			ProcessInitializeOnLoadMethodAttributes (71ms)
			AfterProcessingInitializeOnLoad (7ms)
			EditorAssembliesLoaded (0ms)
		ExecutionOrderSort2 (0ms)
		AwakeInstancesAfterBackupRestoration (12ms)
Refreshing native plugins compatible for Editor in 4.03 ms, found 3 plugins.
Preloading 0 native plugins for Editor in 0.00 ms.
Unloading 5037 Unused Serialized files (Serialized files now loaded: 0)
Unloading 72 unused Assets / (0.6 MB). Loaded Objects now: 5723.
Memory consumption went from 208.3 MB to 207.7 MB.
Total: 5.790300 ms (FindLiveObjects: 0.898200 ms CreateObjectMapping: 0.227200 ms MarkObjects: 4.259600 ms  DeleteObjects: 0.403700 ms)

Prepare: number of updated asset objects reloaded= 0
AssetImportParameters requested are different than current active one (requested -> active):
  custom:container-demuxer-ogg: 62fdf1f143b41e24485cea50d1cbac27 -> 
  custom:scripting/monoscript/fileName/HUD.cs: 2aafd838ba940298a917478f89979439 -> c167c998b80bfd6ca7dd4f0eb0947d93
  custom:video-codec-MediaFoundation-h265: 746d11721c4dcdbdad8f713fa42b33f4 -> 
  custom:video-decoder-ogg-theora: a1e56fd34408186e4bbccfd4996cb3dc -> 
  custom:framework-win-MediaFoundation: 216162199b28c13a410421893ffa2e32 -> 
  custom:CustomObjectIndexerAttribute: 0f5f72dab822025b0759b197a3119d15 -> 
  custom:container-demuxer-webm: 4f35f7cbe854078d1ac9338744f61a02 -> 
  custom:container-muxer-webm: aa71ff27fc2769a1b78a27578f13a17b -> 
  custom:video-decoder-webm-vp8: 9c59270c3fd7afecdb556c50c9e8de78 -> 
  custom:SearchIndexIgnoredProperties: e643bd26f0fe6173181afceb89e7c659 -> 
  custom:AudioImporter_EditorPlatform: d09bf68614088b80899f8185d706f6e7 -> 
  custom:video-encoder-webm-vp8: eb34c28f22e8b96e1ab97ce403110664 -> 
  custom:audio-decoder-ogg-vorbis: bf7c407c2cedff20999df2af8eb42d56 -> 
  custom:audio-encoder-webm-vorbis: bf7c407c2cedff20999df2af8eb42d56 -> 
  custom:scripting/monoscript/fileName/PopupMenuUIHandler.cs: 1adb11e49145aef45126f460b720254b -> b725b7d05adad5b269d7c37fdae12601
========================================================================
Received Import Request.
  Time since last request: 27.749888 seconds.
  path: Assets/Promo
  artifactKey: Guid(e650fc8540d47484b81a718ff2959967) Importer(815301076,1909f56bfc062723c751e8b465ee728b)
Start importing Assets/Promo using Guid(e650fc8540d47484b81a718ff2959967) Importer(815301076,1909f56bfc062723c751e8b465ee728b)  -> (artifact id: '8661994e020db994658e3c65133afca2') in 0.002237 seconds
Number of updated asset objects reloaded before import = 0
Number of asset objects unloaded after import = 0
========================================================================
Received Import Request.
  Time since last request: 30.636492 seconds.
  path: Assets/Visual/BG_Menu.jpg
  artifactKey: Guid(ba5f0dd6b2837d04d85d3921c3e343ac) Importer(815301076,1909f56bfc062723c751e8b465ee728b)
Start importing Assets/Visual/BG_Menu.jpg using Guid(ba5f0dd6b2837d04d85d3921c3e343ac) Importer(815301076,1909f56bfc062723c751e8b465ee728b)  -> (artifact id: '9132dbd81b4dfe0b3eb9657ad0b542f8') in 0.076729 seconds
Number of updated asset objects reloaded before import = 0
Number of asset objects unloaded after import = 3
========================================================================
Received Import Request.
  Time since last request: 19.022014 seconds.
  path: Assets/Prefabs/Sheep (15).prefab
  artifactKey: Guid(b9b70f3cde782e94495fb8eb7029beb4) Importer(815301076,1909f56bfc062723c751e8b465ee728b)
Start importing Assets/Prefabs/Sheep (15).prefab using Guid(b9b70f3cde782e94495fb8eb7029beb4) Importer(815301076,1909f56bfc062723c751e8b465ee728b)  -> (artifact id: 'a2e87a4f331e2fb7493265e4a5b8adcc') in 0.283216 seconds
Number of updated asset objects reloaded before import = 0
Number of asset objects unloaded after import = 212
