Using pre-set license
Built from '2022.3/staging' branch; Version is '2022.3.17f1 (4fc78088f837) revision 5228416'; Using compiler version '192829333'; Build Type 'Release'
OS: 'Windows 11  (10.0.22631) 64bit Core' Language: 'ru' Physical Memory: 14188 MB
BatchMode: 1, IsHumanControllingUs: 0, StartBugReporterOnCrash: 0, Is64bit: 1, IsPro: 1

COMMAND LINE ARGUMENTS:
C:\Program Files\Unity\Hub\Editor\2022.3.17f1\Editor\Unity.exe
-adb2
-batchMode
-noUpm
-name
AssetImportWorker1
-projectPath
D:/Git/SheepWrangler
-logFile
Logs/AssetImportWorker1.log
-srvPort
52227
Successfully changed project path to: D:/Git/SheepWrangler
D:/Git/SheepWrangler
[UnityMemory] Configuration Parameters - Can be set up in boot.config
    "memorysetup-bucket-allocator-granularity=16"
    "memorysetup-bucket-allocator-bucket-count=8"
    "memorysetup-bucket-allocator-block-size=33554432"
    "memorysetup-bucket-allocator-block-count=8"
    "memorysetup-main-allocator-block-size=16777216"
    "memorysetup-thread-allocator-block-size=16777216"
    "memorysetup-gfx-main-allocator-block-size=16777216"
    "memorysetup-gfx-thread-allocator-block-size=16777216"
    "memorysetup-cache-allocator-block-size=4194304"
    "memorysetup-typetree-allocator-block-size=2097152"
    "memorysetup-profiler-bucket-allocator-granularity=16"
    "memorysetup-profiler-bucket-allocator-bucket-count=8"
    "memorysetup-profiler-bucket-allocator-block-size=33554432"
    "memorysetup-profiler-bucket-allocator-block-count=8"
    "memorysetup-profiler-allocator-block-size=16777216"
    "memorysetup-profiler-editor-allocator-block-size=1048576"
    "memorysetup-temp-allocator-size-main=16777216"
    "memorysetup-job-temp-allocator-block-size=2097152"
    "memorysetup-job-temp-allocator-block-size-background=1048576"
    "memorysetup-job-temp-allocator-reduction-small-platforms=262144"
    "memorysetup-allocator-temp-initial-block-size-main=262144"
    "memorysetup-allocator-temp-initial-block-size-worker=262144"
    "memorysetup-temp-allocator-size-background-worker=32768"
    "memorysetup-temp-allocator-size-job-worker=262144"
    "memorysetup-temp-allocator-size-preload-manager=33554432"
    "memorysetup-temp-allocator-size-nav-mesh-worker=65536"
    "memorysetup-temp-allocator-size-audio-worker=65536"
    "memorysetup-temp-allocator-size-cloud-worker=32768"
    "memorysetup-temp-allocator-size-gi-baking-worker=262144"
    "memorysetup-temp-allocator-size-gfx=262144"
Player connection [30788] Host "[IP] 192.168.0.11 [Port] 0 [Flags] 2 [Guid] 3651177456 [EditorId] 3651177456 [Version] 1048832 [Id] WindowsEditor(7,DESKTOP-63TTQN4) [Debug] 1 [PackageName] WindowsEditor [ProjectName] Editor" joined multi-casting on [225.0.0.222:54997]...

Player connection [30788] Host "[IP] 192.168.0.11 [Port] 0 [Flags] 2 [Guid] 3651177456 [EditorId] 3651177456 [Version] 1048832 [Id] WindowsEditor(7,DESKTOP-63TTQN4) [Debug] 1 [PackageName] WindowsEditor [ProjectName] Editor" joined alternative multi-casting on [225.0.0.222:34997]...

[Physics::Module] Initialized MultithreadedJobDispatcher with 11 workers.
Refreshing native plugins compatible for Editor in 12.33 ms, found 3 plugins.
Preloading 0 native plugins for Editor in 0.00 ms.
Initialize engine version: 2022.3.17f1 (4fc78088f837)
[Subsystems] Discovering subsystems at path C:/Program Files/Unity/Hub/Editor/2022.3.17f1/Editor/Data/Resources/UnitySubsystems
[Subsystems] Discovering subsystems at path D:/Git/SheepWrangler/Assets
GfxDevice: creating device client; threaded=0; jobified=0
Direct3D:
    Version:  Direct3D 11.0 [level 11.1]
    Renderer: NVIDIA GeForce RTX 3060 Laptop GPU (ID=0x2560)
    Vendor:   NVIDIA
    VRAM:     6009 MB
    Driver:   31.0.15.3623
Initialize mono
Mono path[0] = 'C:/Program Files/Unity/Hub/Editor/2022.3.17f1/Editor/Data/Managed'
Mono path[1] = 'C:/Program Files/Unity/Hub/Editor/2022.3.17f1/Editor/Data/MonoBleedingEdge/lib/mono/unityjit-win32'
Mono config path = 'C:/Program Files/Unity/Hub/Editor/2022.3.17f1/Editor/Data/MonoBleedingEdge/etc'
Using monoOptions --debugger-agent=transport=dt_socket,embedding=1,server=y,suspend=n,address=127.0.0.1:56832
Begin MonoManager ReloadAssembly
Registering precompiled unity dll's ...
Register platform support module: C:/Program Files/Unity/Hub/Editor/2022.3.17f1/Editor/Data/PlaybackEngines/WebGLSupport/UnityEditor.WebGL.Extensions.dll
Register platform support module: C:/Program Files/Unity/Hub/Editor/2022.3.17f1/Editor/Data/PlaybackEngines/AndroidPlayer/UnityEditor.Android.Extensions.dll
Register platform support module: C:/Program Files/Unity/Hub/Editor/2022.3.17f1/Editor/Data/PlaybackEngines/WindowsStandaloneSupport/UnityEditor.WindowsStandalone.Extensions.dll
Register platform support module: C:/Program Files/Unity/Hub/Editor/2022.3.17f1/Editor/Data/PlaybackEngines/MetroSupport/UnityEditor.UWP.Extensions.dll
Registered in 0.013355 seconds.
- Loaded All Assemblies, in  0.480 seconds
Native extension for UWP target not found
Native extension for WindowsStandalone target not found
Native extension for Android target not found
Android Extension - Scanning For ADB Devices 450 ms
Native extension for WebGL target not found
Mono: successfully reloaded assembly
- Finished resetting the current domain, in  0.875 seconds
Domain Reload Profiling: 1353ms
	BeginReloadAssembly (146ms)
		ExecutionOrderSort (0ms)
		DisableScriptedObjects (0ms)
		BackupInstance (0ms)
		ReleaseScriptingObjects (0ms)
		CreateAndSetChildDomain (1ms)
	RebuildCommonClasses (39ms)
	RebuildNativeTypeToScriptingClass (11ms)
	initialDomainReloadingComplete (73ms)
	LoadAllAssembliesAndSetupDomain (209ms)
		LoadAssemblies (143ms)
		RebuildTransferFunctionScriptingTraits (0ms)
		AnalyzeDomain (205ms)
			TypeCache.Refresh (202ms)
				TypeCache.ScanAssembly (178ms)
			ScanForSourceGeneratedMonoScriptInfo (1ms)
			ResolveRequiredComponents (1ms)
	FinalizeReload (876ms)
		ReleaseScriptCaches (0ms)
		RebuildScriptCaches (0ms)
		SetupLoadedEditorAssemblies (803ms)
			LogAssemblyErrors (0ms)
			InitializePlatformSupportModulesInManaged (594ms)
			SetLoadedEditorAssemblies (5ms)
			RefreshPlugins (0ms)
			BeforeProcessingInitializeOnLoad (2ms)
			ProcessInitializeOnLoadAttributes (141ms)
			ProcessInitializeOnLoadMethodAttributes (61ms)
			AfterProcessingInitializeOnLoad (0ms)
			EditorAssembliesLoaded (0ms)
		ExecutionOrderSort2 (0ms)
		AwakeInstancesAfterBackupRestoration (0ms)
========================================================================
Worker process is ready to serve import requests
Begin MonoManager ReloadAssembly
- Loaded All Assemblies, in  0.810 seconds
Refreshing native plugins compatible for Editor in 5.76 ms, found 3 plugins.
Native extension for UWP target not found
Native extension for WindowsStandalone target not found
Native extension for Android target not found
Native extension for WebGL target not found
Package Manager log level set to [2]
[Package Manager] Server::EnsureServerProcessIsRunning -- launch failed, reason: Unity was launched with the -noUpm command-line argument
[Package Manager] UpmClient::Send -- Unable to send message (not connected to UPM process).
[Package Manager] Cannot connect to Unity Package Manager local server
Mono: successfully reloaded assembly
- Finished resetting the current domain, in  0.756 seconds
Domain Reload Profiling: 1565ms
	BeginReloadAssembly (173ms)
		ExecutionOrderSort (0ms)
		DisableScriptedObjects (6ms)
		BackupInstance (0ms)
		ReleaseScriptingObjects (0ms)
		CreateAndSetChildDomain (31ms)
	RebuildCommonClasses (36ms)
	RebuildNativeTypeToScriptingClass (10ms)
	initialDomainReloadingComplete (48ms)
	LoadAllAssembliesAndSetupDomain (541ms)
		LoadAssemblies (372ms)
		RebuildTransferFunctionScriptingTraits (0ms)
		AnalyzeDomain (269ms)
			TypeCache.Refresh (216ms)
				TypeCache.ScanAssembly (183ms)
			ScanForSourceGeneratedMonoScriptInfo (37ms)
			ResolveRequiredComponents (14ms)
	FinalizeReload (757ms)
		ReleaseScriptCaches (0ms)
		RebuildScriptCaches (0ms)
		SetupLoadedEditorAssemblies (570ms)
			LogAssemblyErrors (0ms)
			InitializePlatformSupportModulesInManaged (32ms)
			SetLoadedEditorAssemblies (4ms)
			RefreshPlugins (0ms)
			BeforeProcessingInitializeOnLoad (75ms)
			ProcessInitializeOnLoadAttributes (360ms)
			ProcessInitializeOnLoadMethodAttributes (89ms)
			AfterProcessingInitializeOnLoad (9ms)
			EditorAssembliesLoaded (0ms)
		ExecutionOrderSort2 (0ms)
		AwakeInstancesAfterBackupRestoration (7ms)
Launched and connected shader compiler UnityShaderCompiler.exe after 0.07 seconds
Refreshing native plugins compatible for Editor in 3.44 ms, found 3 plugins.
Preloading 0 native plugins for Editor in 0.00 ms.
Unloading 5167 Unused Serialized files (Serialized files now loaded: 0)
Unloading 96 unused Assets / (0.6 MB). Loaded Objects now: 5625.
Memory consumption went from 229.7 MB to 229.1 MB.
Total: 6.542000 ms (FindLiveObjects: 1.366000 ms CreateObjectMapping: 0.337100 ms MarkObjects: 4.297400 ms  DeleteObjects: 0.539600 ms)

AssetImportParameters requested are different than current active one (requested -> active):
  custom:container-demuxer-ogg: 62fdf1f143b41e24485cea50d1cbac27 -> 
  custom:scripting/monoscript/fileName/HUD.cs: 2aafd838ba940298a917478f89979439 -> c167c998b80bfd6ca7dd4f0eb0947d93
  custom:video-codec-MediaFoundation-h265: 746d11721c4dcdbdad8f713fa42b33f4 -> 
  custom:video-decoder-ogg-theora: a1e56fd34408186e4bbccfd4996cb3dc -> 
  custom:framework-win-MediaFoundation: 216162199b28c13a410421893ffa2e32 -> 
  custom:CustomObjectIndexerAttribute: 0f5f72dab822025b0759b197a3119d15 -> 
  custom:container-demuxer-webm: 4f35f7cbe854078d1ac9338744f61a02 -> 
  custom:container-muxer-webm: aa71ff27fc2769a1b78a27578f13a17b -> 
  custom:video-decoder-webm-vp8: 9c59270c3fd7afecdb556c50c9e8de78 -> 
  custom:SearchIndexIgnoredProperties: e643bd26f0fe6173181afceb89e7c659 -> 
  custom:AudioImporter_EditorPlatform: d09bf68614088b80899f8185d706f6e7 -> 
  custom:video-encoder-webm-vp8: eb34c28f22e8b96e1ab97ce403110664 -> 
  custom:audio-decoder-ogg-vorbis: bf7c407c2cedff20999df2af8eb42d56 -> 
  custom:audio-encoder-webm-vorbis: bf7c407c2cedff20999df2af8eb42d56 -> 
  custom:scripting/monoscript/fileName/PopupMenuUIHandler.cs: 1adb11e49145aef45126f460b720254b -> b725b7d05adad5b269d7c37fdae12601
========================================================================
Received Prepare
Assembly with name 'CFXR.WelcomeScreen' already exists (Assets/JMO Assets/Welcome Screen/CFXR.WelcomeScreen.asmdef)
Assembly with name 'CFXR.WelcomeScreen' already exists (Assets/VFX/JMO Assets/Welcome Screen/CFXR.WelcomeScreen.asmdef)
Assembly with name 'KinoBloom.Runtime' already exists (Assets/JMO Assets/Cartoon FX Remaster/Demo Assets/Kino Bloom/KinoBloom.Runtime.asmdef)
Assembly with name 'KinoBloom.Runtime' already exists (Assets/VFX/JMO Assets/Cartoon FX Remaster/Demo Assets/Kino Bloom/KinoBloom.Runtime.asmdef)
Assembly with name 'ToonyColorsPro.Demo.Editor' already exists (Assets/JMO Assets/Cartoon FX Remaster/Demo Assets/Kino Bloom/Editor/KinoBloom.Editor.asmdef)
Assembly with name 'ToonyColorsPro.Demo.Editor' already exists (Assets/VFX/JMO Assets/Cartoon FX Remaster/Demo Assets/Kino Bloom/Editor/KinoBloom.Editor.asmdef)
Assembly with name 'CFXRDemo' already exists (Assets/JMO Assets/Cartoon FX Remaster/Demo Assets/CFXR Demo.asmdef)
Assembly with name 'CFXRDemo' already exists (Assets/VFX/JMO Assets/Cartoon FX Remaster/Demo Assets/CFXR Demo.asmdef)
Assembly with name 'CFXRRuntime' already exists (Assets/VFX/JMO Assets/Cartoon FX Remaster/CFXR Assets/Scripts/CFXR Runtime.asmdef)
Assembly with name 'CFXRRuntime' already exists (Assets/JMO Assets/Cartoon FX Remaster/CFXR Assets/Scripts/CFXR Runtime.asmdef)
Assembly with name 'CFXREditor' already exists (Assets/VFX/JMO Assets/Cartoon FX Remaster/CFXR Assets/Editor/CFXR Editor.asmdef)
Assembly with name 'CFXREditor' already exists (Assets/JMO Assets/Cartoon FX Remaster/CFXR Assets/Editor/CFXR Editor.asmdef)
Assembly with name 'CFXR.WelcomeScreen' already exists (Assets/JMO Assets/Welcome Screen/CFXR.WelcomeScreen.asmdef)
Assembly with name 'CFXR.WelcomeScreen' already exists (Assets/VFX/JMO Assets/Welcome Screen/CFXR.WelcomeScreen.asmdef)
Assembly with name 'KinoBloom.Runtime' already exists (Assets/JMO Assets/Cartoon FX Remaster/Demo Assets/Kino Bloom/KinoBloom.Runtime.asmdef)
Assembly with name 'KinoBloom.Runtime' already exists (Assets/VFX/JMO Assets/Cartoon FX Remaster/Demo Assets/Kino Bloom/KinoBloom.Runtime.asmdef)
Assembly with name 'ToonyColorsPro.Demo.Editor' already exists (Assets/JMO Assets/Cartoon FX Remaster/Demo Assets/Kino Bloom/Editor/KinoBloom.Editor.asmdef)
Assembly with name 'ToonyColorsPro.Demo.Editor' already exists (Assets/VFX/JMO Assets/Cartoon FX Remaster/Demo Assets/Kino Bloom/Editor/KinoBloom.Editor.asmdef)
Assembly with name 'CFXRDemo' already exists (Assets/JMO Assets/Cartoon FX Remaster/Demo Assets/CFXR Demo.asmdef)
Assembly with name 'CFXRDemo' already exists (Assets/VFX/JMO Assets/Cartoon FX Remaster/Demo Assets/CFXR Demo.asmdef)
Assembly with name 'CFXRRuntime' already exists (Assets/VFX/JMO Assets/Cartoon FX Remaster/CFXR Assets/Scripts/CFXR Runtime.asmdef)
Assembly with name 'CFXRRuntime' already exists (Assets/JMO Assets/Cartoon FX Remaster/CFXR Assets/Scripts/CFXR Runtime.asmdef)
Assembly with name 'CFXREditor' already exists (Assets/VFX/JMO Assets/Cartoon FX Remaster/CFXR Assets/Editor/CFXR Editor.asmdef)
Assembly with name 'CFXREditor' already exists (Assets/JMO Assets/Cartoon FX Remaster/CFXR Assets/Editor/CFXR Editor.asmdef)
Begin MonoManager ReloadAssembly
- Loaded All Assemblies, in  0.595 seconds
Refreshing native plugins compatible for Editor in 3.41 ms, found 3 plugins.
Native extension for UWP target not found
Native extension for WindowsStandalone target not found
Native extension for Android target not found
Native extension for WebGL target not found
Assembly with name 'CFXR.WelcomeScreen' already exists (Assets/JMO Assets/Welcome Screen/CFXR.WelcomeScreen.asmdef)
Assembly with name 'CFXR.WelcomeScreen' already exists (Assets/VFX/JMO Assets/Welcome Screen/CFXR.WelcomeScreen.asmdef)
Assembly with name 'KinoBloom.Runtime' already exists (Assets/JMO Assets/Cartoon FX Remaster/Demo Assets/Kino Bloom/KinoBloom.Runtime.asmdef)
Assembly with name 'KinoBloom.Runtime' already exists (Assets/VFX/JMO Assets/Cartoon FX Remaster/Demo Assets/Kino Bloom/KinoBloom.Runtime.asmdef)
Assembly with name 'ToonyColorsPro.Demo.Editor' already exists (Assets/JMO Assets/Cartoon FX Remaster/Demo Assets/Kino Bloom/Editor/KinoBloom.Editor.asmdef)
Assembly with name 'ToonyColorsPro.Demo.Editor' already exists (Assets/VFX/JMO Assets/Cartoon FX Remaster/Demo Assets/Kino Bloom/Editor/KinoBloom.Editor.asmdef)
Assembly with name 'CFXRDemo' already exists (Assets/JMO Assets/Cartoon FX Remaster/Demo Assets/CFXR Demo.asmdef)
Assembly with name 'CFXRDemo' already exists (Assets/VFX/JMO Assets/Cartoon FX Remaster/Demo Assets/CFXR Demo.asmdef)
Assembly with name 'CFXRRuntime' already exists (Assets/VFX/JMO Assets/Cartoon FX Remaster/CFXR Assets/Scripts/CFXR Runtime.asmdef)
Assembly with name 'CFXRRuntime' already exists (Assets/JMO Assets/Cartoon FX Remaster/CFXR Assets/Scripts/CFXR Runtime.asmdef)
Assembly with name 'CFXREditor' already exists (Assets/VFX/JMO Assets/Cartoon FX Remaster/CFXR Assets/Editor/CFXR Editor.asmdef)
Assembly with name 'CFXREditor' already exists (Assets/JMO Assets/Cartoon FX Remaster/CFXR Assets/Editor/CFXR Editor.asmdef)
[Package Manager] Server::EnsureServerProcessIsRunning -- launch failed, reason: Unity was launched with the -noUpm command-line argument
[Package Manager] UpmClient::Send -- Unable to send message (not connected to UPM process).
[Package Manager] Cannot connect to Unity Package Manager local server
Mono: successfully reloaded assembly
- Finished resetting the current domain, in  1.291 seconds
Domain Reload Profiling: 1883ms
	BeginReloadAssembly (195ms)
		ExecutionOrderSort (0ms)
		DisableScriptedObjects (5ms)
		BackupInstance (0ms)
		ReleaseScriptingObjects (0ms)
		CreateAndSetChildDomain (57ms)
	RebuildCommonClasses (46ms)
	RebuildNativeTypeToScriptingClass (13ms)
	initialDomainReloadingComplete (43ms)
	LoadAllAssembliesAndSetupDomain (294ms)
		LoadAssemblies (339ms)
		RebuildTransferFunctionScriptingTraits (0ms)
		AnalyzeDomain (57ms)
			TypeCache.Refresh (17ms)
				TypeCache.ScanAssembly (3ms)
			ScanForSourceGeneratedMonoScriptInfo (28ms)
			ResolveRequiredComponents (12ms)
	FinalizeReload (1291ms)
		ReleaseScriptCaches (0ms)
		RebuildScriptCaches (0ms)
		SetupLoadedEditorAssemblies (525ms)
			LogAssemblyErrors (0ms)
			InitializePlatformSupportModulesInManaged (30ms)
			SetLoadedEditorAssemblies (3ms)
			RefreshPlugins (0ms)
			BeforeProcessingInitializeOnLoad (103ms)
			ProcessInitializeOnLoadAttributes (311ms)
			ProcessInitializeOnLoadMethodAttributes (69ms)
			AfterProcessingInitializeOnLoad (8ms)
			EditorAssembliesLoaded (0ms)
		ExecutionOrderSort2 (0ms)
		AwakeInstancesAfterBackupRestoration (9ms)
Refreshing native plugins compatible for Editor in 4.29 ms, found 3 plugins.
Preloading 0 native plugins for Editor in 0.00 ms.
Unloading 5039 Unused Serialized files (Serialized files now loaded: 0)
Unloading 71 unused Assets / (0.6 MB). Loaded Objects now: 5629.
Memory consumption went from 202.7 MB to 202.1 MB.
Total: 5.937700 ms (FindLiveObjects: 0.841200 ms CreateObjectMapping: 0.215400 ms MarkObjects: 4.194900 ms  DeleteObjects: 0.684800 ms)

Prepare: number of updated asset objects reloaded= 5
AssetImportParameters requested are different than current active one (requested -> active):
  custom:container-demuxer-ogg: 62fdf1f143b41e24485cea50d1cbac27 -> 
  custom:scripting/monoscript/fileName/HUD.cs: 2aafd838ba940298a917478f89979439 -> c167c998b80bfd6ca7dd4f0eb0947d93
  custom:video-codec-MediaFoundation-h265: 746d11721c4dcdbdad8f713fa42b33f4 -> 
  custom:video-decoder-ogg-theora: a1e56fd34408186e4bbccfd4996cb3dc -> 
  custom:framework-win-MediaFoundation: 216162199b28c13a410421893ffa2e32 -> 
  custom:CustomObjectIndexerAttribute: 0f5f72dab822025b0759b197a3119d15 -> 
  custom:container-demuxer-webm: 4f35f7cbe854078d1ac9338744f61a02 -> 
  custom:container-muxer-webm: aa71ff27fc2769a1b78a27578f13a17b -> 
  custom:video-decoder-webm-vp8: 9c59270c3fd7afecdb556c50c9e8de78 -> 
  custom:SearchIndexIgnoredProperties: e643bd26f0fe6173181afceb89e7c659 -> 
  custom:AudioImporter_EditorPlatform: d09bf68614088b80899f8185d706f6e7 -> 
  custom:video-encoder-webm-vp8: eb34c28f22e8b96e1ab97ce403110664 -> 
  custom:audio-decoder-ogg-vorbis: bf7c407c2cedff20999df2af8eb42d56 -> 
  custom:audio-encoder-webm-vorbis: bf7c407c2cedff20999df2af8eb42d56 -> 
  custom:scripting/monoscript/fileName/PopupMenuUIHandler.cs: 1adb11e49145aef45126f460b720254b -> b725b7d05adad5b269d7c37fdae12601
========================================================================
Received Prepare
Assembly with name 'CFXR.WelcomeScreen' already exists (Assets/JMO Assets/Welcome Screen/CFXR.WelcomeScreen.asmdef)
Assembly with name 'CFXR.WelcomeScreen' already exists (Assets/VFX/JMO Assets/Welcome Screen/CFXR.WelcomeScreen.asmdef)
Assembly with name 'KinoBloom.Runtime' already exists (Assets/JMO Assets/Cartoon FX Remaster/Demo Assets/Kino Bloom/KinoBloom.Runtime.asmdef)
Assembly with name 'KinoBloom.Runtime' already exists (Assets/VFX/JMO Assets/Cartoon FX Remaster/Demo Assets/Kino Bloom/KinoBloom.Runtime.asmdef)
Assembly with name 'ToonyColorsPro.Demo.Editor' already exists (Assets/JMO Assets/Cartoon FX Remaster/Demo Assets/Kino Bloom/Editor/KinoBloom.Editor.asmdef)
Assembly with name 'ToonyColorsPro.Demo.Editor' already exists (Assets/VFX/JMO Assets/Cartoon FX Remaster/Demo Assets/Kino Bloom/Editor/KinoBloom.Editor.asmdef)
Assembly with name 'CFXRDemo' already exists (Assets/JMO Assets/Cartoon FX Remaster/Demo Assets/CFXR Demo.asmdef)
Assembly with name 'CFXRDemo' already exists (Assets/VFX/JMO Assets/Cartoon FX Remaster/Demo Assets/CFXR Demo.asmdef)
Assembly with name 'CFXRRuntime' already exists (Assets/VFX/JMO Assets/Cartoon FX Remaster/CFXR Assets/Scripts/CFXR Runtime.asmdef)
Assembly with name 'CFXRRuntime' already exists (Assets/JMO Assets/Cartoon FX Remaster/CFXR Assets/Scripts/CFXR Runtime.asmdef)
Assembly with name 'CFXREditor' already exists (Assets/VFX/JMO Assets/Cartoon FX Remaster/CFXR Assets/Editor/CFXR Editor.asmdef)
Assembly with name 'CFXREditor' already exists (Assets/JMO Assets/Cartoon FX Remaster/CFXR Assets/Editor/CFXR Editor.asmdef)
Assembly with name 'CFXR.WelcomeScreen' already exists (Assets/JMO Assets/Welcome Screen/CFXR.WelcomeScreen.asmdef)
Assembly with name 'CFXR.WelcomeScreen' already exists (Assets/VFX/JMO Assets/Welcome Screen/CFXR.WelcomeScreen.asmdef)
Assembly with name 'KinoBloom.Runtime' already exists (Assets/JMO Assets/Cartoon FX Remaster/Demo Assets/Kino Bloom/KinoBloom.Runtime.asmdef)
Assembly with name 'KinoBloom.Runtime' already exists (Assets/VFX/JMO Assets/Cartoon FX Remaster/Demo Assets/Kino Bloom/KinoBloom.Runtime.asmdef)
Assembly with name 'ToonyColorsPro.Demo.Editor' already exists (Assets/JMO Assets/Cartoon FX Remaster/Demo Assets/Kino Bloom/Editor/KinoBloom.Editor.asmdef)
Assembly with name 'ToonyColorsPro.Demo.Editor' already exists (Assets/VFX/JMO Assets/Cartoon FX Remaster/Demo Assets/Kino Bloom/Editor/KinoBloom.Editor.asmdef)
Assembly with name 'CFXRDemo' already exists (Assets/JMO Assets/Cartoon FX Remaster/Demo Assets/CFXR Demo.asmdef)
Assembly with name 'CFXRDemo' already exists (Assets/VFX/JMO Assets/Cartoon FX Remaster/Demo Assets/CFXR Demo.asmdef)
Assembly with name 'CFXRRuntime' already exists (Assets/VFX/JMO Assets/Cartoon FX Remaster/CFXR Assets/Scripts/CFXR Runtime.asmdef)
Assembly with name 'CFXRRuntime' already exists (Assets/JMO Assets/Cartoon FX Remaster/CFXR Assets/Scripts/CFXR Runtime.asmdef)
Assembly with name 'CFXREditor' already exists (Assets/VFX/JMO Assets/Cartoon FX Remaster/CFXR Assets/Editor/CFXR Editor.asmdef)
Assembly with name 'CFXREditor' already exists (Assets/JMO Assets/Cartoon FX Remaster/CFXR Assets/Editor/CFXR Editor.asmdef)
Begin MonoManager ReloadAssembly
- Loaded All Assemblies, in  0.560 seconds
Refreshing native plugins compatible for Editor in 3.48 ms, found 3 plugins.
Native extension for UWP target not found
Native extension for WindowsStandalone target not found
Native extension for Android target not found
Native extension for WebGL target not found
Assembly with name 'CFXR.WelcomeScreen' already exists (Assets/JMO Assets/Welcome Screen/CFXR.WelcomeScreen.asmdef)
Assembly with name 'CFXR.WelcomeScreen' already exists (Assets/VFX/JMO Assets/Welcome Screen/CFXR.WelcomeScreen.asmdef)
Assembly with name 'KinoBloom.Runtime' already exists (Assets/JMO Assets/Cartoon FX Remaster/Demo Assets/Kino Bloom/KinoBloom.Runtime.asmdef)
Assembly with name 'KinoBloom.Runtime' already exists (Assets/VFX/JMO Assets/Cartoon FX Remaster/Demo Assets/Kino Bloom/KinoBloom.Runtime.asmdef)
Assembly with name 'ToonyColorsPro.Demo.Editor' already exists (Assets/JMO Assets/Cartoon FX Remaster/Demo Assets/Kino Bloom/Editor/KinoBloom.Editor.asmdef)
Assembly with name 'ToonyColorsPro.Demo.Editor' already exists (Assets/VFX/JMO Assets/Cartoon FX Remaster/Demo Assets/Kino Bloom/Editor/KinoBloom.Editor.asmdef)
Assembly with name 'CFXRDemo' already exists (Assets/JMO Assets/Cartoon FX Remaster/Demo Assets/CFXR Demo.asmdef)
Assembly with name 'CFXRDemo' already exists (Assets/VFX/JMO Assets/Cartoon FX Remaster/Demo Assets/CFXR Demo.asmdef)
Assembly with name 'CFXRRuntime' already exists (Assets/VFX/JMO Assets/Cartoon FX Remaster/CFXR Assets/Scripts/CFXR Runtime.asmdef)
Assembly with name 'CFXRRuntime' already exists (Assets/JMO Assets/Cartoon FX Remaster/CFXR Assets/Scripts/CFXR Runtime.asmdef)
Assembly with name 'CFXREditor' already exists (Assets/VFX/JMO Assets/Cartoon FX Remaster/CFXR Assets/Editor/CFXR Editor.asmdef)
Assembly with name 'CFXREditor' already exists (Assets/JMO Assets/Cartoon FX Remaster/CFXR Assets/Editor/CFXR Editor.asmdef)
[Package Manager] Server::EnsureServerProcessIsRunning -- launch failed, reason: Unity was launched with the -noUpm command-line argument
[Package Manager] UpmClient::Send -- Unable to send message (not connected to UPM process).
[Package Manager] Cannot connect to Unity Package Manager local server
Mono: successfully reloaded assembly
- Finished resetting the current domain, in  1.194 seconds
Domain Reload Profiling: 1752ms
	BeginReloadAssembly (192ms)
		ExecutionOrderSort (0ms)
		DisableScriptedObjects (3ms)
		BackupInstance (0ms)
		ReleaseScriptingObjects (0ms)
		CreateAndSetChildDomain (52ms)
	RebuildCommonClasses (39ms)
	RebuildNativeTypeToScriptingClass (11ms)
	initialDomainReloadingComplete (30ms)
	LoadAllAssembliesAndSetupDomain (286ms)
		LoadAssemblies (341ms)
		RebuildTransferFunctionScriptingTraits (0ms)
		AnalyzeDomain (49ms)
			TypeCache.Refresh (12ms)
				TypeCache.ScanAssembly (2ms)
			ScanForSourceGeneratedMonoScriptInfo (24ms)
			ResolveRequiredComponents (12ms)
	FinalizeReload (1195ms)
		ReleaseScriptCaches (0ms)
		RebuildScriptCaches (0ms)
		SetupLoadedEditorAssemblies (519ms)
			LogAssemblyErrors (0ms)
			InitializePlatformSupportModulesInManaged (34ms)
			SetLoadedEditorAssemblies (4ms)
			RefreshPlugins (0ms)
			BeforeProcessingInitializeOnLoad (100ms)
			ProcessInitializeOnLoadAttributes (306ms)
			ProcessInitializeOnLoadMethodAttributes (68ms)
			AfterProcessingInitializeOnLoad (7ms)
			EditorAssembliesLoaded (0ms)
		ExecutionOrderSort2 (0ms)
		AwakeInstancesAfterBackupRestoration (9ms)
Refreshing native plugins compatible for Editor in 3.15 ms, found 3 plugins.
Preloading 0 native plugins for Editor in 0.00 ms.
Unloading 5039 Unused Serialized files (Serialized files now loaded: 0)
Unloading 71 unused Assets / (0.6 MB). Loaded Objects now: 5633.
Memory consumption went from 204.6 MB to 204.0 MB.
Total: 5.809500 ms (FindLiveObjects: 0.894900 ms CreateObjectMapping: 0.257600 ms MarkObjects: 4.123900 ms  DeleteObjects: 0.531700 ms)

Prepare: number of updated asset objects reloaded= 0
AssetImportParameters requested are different than current active one (requested -> active):
  custom:container-demuxer-ogg: 62fdf1f143b41e24485cea50d1cbac27 -> 
  custom:scripting/monoscript/fileName/HUD.cs: 2aafd838ba940298a917478f89979439 -> c167c998b80bfd6ca7dd4f0eb0947d93
  custom:video-codec-MediaFoundation-h265: 746d11721c4dcdbdad8f713fa42b33f4 -> 
  custom:video-decoder-ogg-theora: a1e56fd34408186e4bbccfd4996cb3dc -> 
  custom:framework-win-MediaFoundation: 216162199b28c13a410421893ffa2e32 -> 
  custom:CustomObjectIndexerAttribute: 0f5f72dab822025b0759b197a3119d15 -> 
  custom:container-demuxer-webm: 4f35f7cbe854078d1ac9338744f61a02 -> 
  custom:container-muxer-webm: aa71ff27fc2769a1b78a27578f13a17b -> 
  custom:video-decoder-webm-vp8: 9c59270c3fd7afecdb556c50c9e8de78 -> 
  custom:SearchIndexIgnoredProperties: e643bd26f0fe6173181afceb89e7c659 -> 
  custom:AudioImporter_EditorPlatform: d09bf68614088b80899f8185d706f6e7 -> 
  custom:video-encoder-webm-vp8: eb34c28f22e8b96e1ab97ce403110664 -> 
  custom:audio-decoder-ogg-vorbis: bf7c407c2cedff20999df2af8eb42d56 -> 
  custom:audio-encoder-webm-vorbis: bf7c407c2cedff20999df2af8eb42d56 -> 
  custom:scripting/monoscript/fileName/PopupMenuUIHandler.cs: 1adb11e49145aef45126f460b720254b -> b725b7d05adad5b269d7c37fdae12601
========================================================================
Received Prepare
Assembly with name 'CFXR.WelcomeScreen' already exists (Assets/JMO Assets/Welcome Screen/CFXR.WelcomeScreen.asmdef)
Assembly with name 'CFXR.WelcomeScreen' already exists (Assets/VFX/JMO Assets/Welcome Screen/CFXR.WelcomeScreen.asmdef)
Assembly with name 'KinoBloom.Runtime' already exists (Assets/JMO Assets/Cartoon FX Remaster/Demo Assets/Kino Bloom/KinoBloom.Runtime.asmdef)
Assembly with name 'KinoBloom.Runtime' already exists (Assets/VFX/JMO Assets/Cartoon FX Remaster/Demo Assets/Kino Bloom/KinoBloom.Runtime.asmdef)
Assembly with name 'ToonyColorsPro.Demo.Editor' already exists (Assets/JMO Assets/Cartoon FX Remaster/Demo Assets/Kino Bloom/Editor/KinoBloom.Editor.asmdef)
Assembly with name 'ToonyColorsPro.Demo.Editor' already exists (Assets/VFX/JMO Assets/Cartoon FX Remaster/Demo Assets/Kino Bloom/Editor/KinoBloom.Editor.asmdef)
Assembly with name 'CFXRDemo' already exists (Assets/JMO Assets/Cartoon FX Remaster/Demo Assets/CFXR Demo.asmdef)
Assembly with name 'CFXRDemo' already exists (Assets/VFX/JMO Assets/Cartoon FX Remaster/Demo Assets/CFXR Demo.asmdef)
Assembly with name 'CFXRRuntime' already exists (Assets/VFX/JMO Assets/Cartoon FX Remaster/CFXR Assets/Scripts/CFXR Runtime.asmdef)
Assembly with name 'CFXRRuntime' already exists (Assets/JMO Assets/Cartoon FX Remaster/CFXR Assets/Scripts/CFXR Runtime.asmdef)
Assembly with name 'CFXREditor' already exists (Assets/VFX/JMO Assets/Cartoon FX Remaster/CFXR Assets/Editor/CFXR Editor.asmdef)
Assembly with name 'CFXREditor' already exists (Assets/JMO Assets/Cartoon FX Remaster/CFXR Assets/Editor/CFXR Editor.asmdef)
Assembly with name 'CFXR.WelcomeScreen' already exists (Assets/JMO Assets/Welcome Screen/CFXR.WelcomeScreen.asmdef)
Assembly with name 'CFXR.WelcomeScreen' already exists (Assets/VFX/JMO Assets/Welcome Screen/CFXR.WelcomeScreen.asmdef)
Assembly with name 'KinoBloom.Runtime' already exists (Assets/JMO Assets/Cartoon FX Remaster/Demo Assets/Kino Bloom/KinoBloom.Runtime.asmdef)
Assembly with name 'KinoBloom.Runtime' already exists (Assets/VFX/JMO Assets/Cartoon FX Remaster/Demo Assets/Kino Bloom/KinoBloom.Runtime.asmdef)
Assembly with name 'ToonyColorsPro.Demo.Editor' already exists (Assets/JMO Assets/Cartoon FX Remaster/Demo Assets/Kino Bloom/Editor/KinoBloom.Editor.asmdef)
Assembly with name 'ToonyColorsPro.Demo.Editor' already exists (Assets/VFX/JMO Assets/Cartoon FX Remaster/Demo Assets/Kino Bloom/Editor/KinoBloom.Editor.asmdef)
Assembly with name 'CFXRDemo' already exists (Assets/JMO Assets/Cartoon FX Remaster/Demo Assets/CFXR Demo.asmdef)
Assembly with name 'CFXRDemo' already exists (Assets/VFX/JMO Assets/Cartoon FX Remaster/Demo Assets/CFXR Demo.asmdef)
Assembly with name 'CFXRRuntime' already exists (Assets/VFX/JMO Assets/Cartoon FX Remaster/CFXR Assets/Scripts/CFXR Runtime.asmdef)
Assembly with name 'CFXRRuntime' already exists (Assets/JMO Assets/Cartoon FX Remaster/CFXR Assets/Scripts/CFXR Runtime.asmdef)
Assembly with name 'CFXREditor' already exists (Assets/VFX/JMO Assets/Cartoon FX Remaster/CFXR Assets/Editor/CFXR Editor.asmdef)
Assembly with name 'CFXREditor' already exists (Assets/JMO Assets/Cartoon FX Remaster/CFXR Assets/Editor/CFXR Editor.asmdef)
Begin MonoManager ReloadAssembly
- Loaded All Assemblies, in  0.553 seconds
Refreshing native plugins compatible for Editor in 2.88 ms, found 3 plugins.
Native extension for UWP target not found
Native extension for WindowsStandalone target not found
Native extension for Android target not found
Native extension for WebGL target not found
Assembly with name 'CFXR.WelcomeScreen' already exists (Assets/JMO Assets/Welcome Screen/CFXR.WelcomeScreen.asmdef)
Assembly with name 'CFXR.WelcomeScreen' already exists (Assets/VFX/JMO Assets/Welcome Screen/CFXR.WelcomeScreen.asmdef)
Assembly with name 'KinoBloom.Runtime' already exists (Assets/JMO Assets/Cartoon FX Remaster/Demo Assets/Kino Bloom/KinoBloom.Runtime.asmdef)
Assembly with name 'KinoBloom.Runtime' already exists (Assets/VFX/JMO Assets/Cartoon FX Remaster/Demo Assets/Kino Bloom/KinoBloom.Runtime.asmdef)
Assembly with name 'ToonyColorsPro.Demo.Editor' already exists (Assets/JMO Assets/Cartoon FX Remaster/Demo Assets/Kino Bloom/Editor/KinoBloom.Editor.asmdef)
Assembly with name 'ToonyColorsPro.Demo.Editor' already exists (Assets/VFX/JMO Assets/Cartoon FX Remaster/Demo Assets/Kino Bloom/Editor/KinoBloom.Editor.asmdef)
Assembly with name 'CFXRDemo' already exists (Assets/JMO Assets/Cartoon FX Remaster/Demo Assets/CFXR Demo.asmdef)
Assembly with name 'CFXRDemo' already exists (Assets/VFX/JMO Assets/Cartoon FX Remaster/Demo Assets/CFXR Demo.asmdef)
Assembly with name 'CFXRRuntime' already exists (Assets/VFX/JMO Assets/Cartoon FX Remaster/CFXR Assets/Scripts/CFXR Runtime.asmdef)
Assembly with name 'CFXRRuntime' already exists (Assets/JMO Assets/Cartoon FX Remaster/CFXR Assets/Scripts/CFXR Runtime.asmdef)
Assembly with name 'CFXREditor' already exists (Assets/VFX/JMO Assets/Cartoon FX Remaster/CFXR Assets/Editor/CFXR Editor.asmdef)
Assembly with name 'CFXREditor' already exists (Assets/JMO Assets/Cartoon FX Remaster/CFXR Assets/Editor/CFXR Editor.asmdef)
[Package Manager] Server::EnsureServerProcessIsRunning -- launch failed, reason: Unity was launched with the -noUpm command-line argument
[Package Manager] UpmClient::Send -- Unable to send message (not connected to UPM process).
[Package Manager] Cannot connect to Unity Package Manager local server
Mono: successfully reloaded assembly
- Finished resetting the current domain, in  1.186 seconds
Domain Reload Profiling: 1737ms
	BeginReloadAssembly (202ms)
		ExecutionOrderSort (0ms)
		DisableScriptedObjects (4ms)
		BackupInstance (0ms)
		ReleaseScriptingObjects (0ms)
		CreateAndSetChildDomain (58ms)
	RebuildCommonClasses (35ms)
	RebuildNativeTypeToScriptingClass (10ms)
	initialDomainReloadingComplete (38ms)
	LoadAllAssembliesAndSetupDomain (265ms)
		LoadAssemblies (330ms)
		RebuildTransferFunctionScriptingTraits (0ms)
		AnalyzeDomain (46ms)
			TypeCache.Refresh (11ms)
				TypeCache.ScanAssembly (2ms)
			ScanForSourceGeneratedMonoScriptInfo (22ms)
			ResolveRequiredComponents (11ms)
	FinalizeReload (1187ms)
		ReleaseScriptCaches (0ms)
		RebuildScriptCaches (0ms)
		SetupLoadedEditorAssemblies (511ms)
			LogAssemblyErrors (0ms)
			InitializePlatformSupportModulesInManaged (29ms)
			SetLoadedEditorAssemblies (3ms)
			RefreshPlugins (0ms)
			BeforeProcessingInitializeOnLoad (104ms)
			ProcessInitializeOnLoadAttributes (297ms)
			ProcessInitializeOnLoadMethodAttributes (70ms)
			AfterProcessingInitializeOnLoad (7ms)
			EditorAssembliesLoaded (0ms)
		ExecutionOrderSort2 (0ms)
		AwakeInstancesAfterBackupRestoration (8ms)
Refreshing native plugins compatible for Editor in 2.97 ms, found 3 plugins.
Preloading 0 native plugins for Editor in 0.00 ms.
Unloading 5037 Unused Serialized files (Serialized files now loaded: 0)
Unloading 72 unused Assets / (0.6 MB). Loaded Objects now: 5636.
Memory consumption went from 206.5 MB to 205.9 MB.
Total: 6.183100 ms (FindLiveObjects: 0.695300 ms CreateObjectMapping: 0.167200 ms MarkObjects: 4.918700 ms  DeleteObjects: 0.400700 ms)

Prepare: number of updated asset objects reloaded= 0
AssetImportParameters requested are different than current active one (requested -> active):
  custom:container-demuxer-ogg: 62fdf1f143b41e24485cea50d1cbac27 -> 
  custom:scripting/monoscript/fileName/HUD.cs: 2aafd838ba940298a917478f89979439 -> c167c998b80bfd6ca7dd4f0eb0947d93
  custom:video-codec-MediaFoundation-h265: 746d11721c4dcdbdad8f713fa42b33f4 -> 
  custom:video-decoder-ogg-theora: a1e56fd34408186e4bbccfd4996cb3dc -> 
  custom:framework-win-MediaFoundation: 216162199b28c13a410421893ffa2e32 -> 
  custom:CustomObjectIndexerAttribute: 0f5f72dab822025b0759b197a3119d15 -> 
  custom:container-demuxer-webm: 4f35f7cbe854078d1ac9338744f61a02 -> 
  custom:container-muxer-webm: aa71ff27fc2769a1b78a27578f13a17b -> 
  custom:video-decoder-webm-vp8: 9c59270c3fd7afecdb556c50c9e8de78 -> 
  custom:SearchIndexIgnoredProperties: e643bd26f0fe6173181afceb89e7c659 -> 
  custom:AudioImporter_EditorPlatform: d09bf68614088b80899f8185d706f6e7 -> 
  custom:video-encoder-webm-vp8: eb34c28f22e8b96e1ab97ce403110664 -> 
  custom:audio-decoder-ogg-vorbis: bf7c407c2cedff20999df2af8eb42d56 -> 
  custom:audio-encoder-webm-vorbis: bf7c407c2cedff20999df2af8eb42d56 -> 
  custom:scripting/monoscript/fileName/PopupMenuUIHandler.cs: 1adb11e49145aef45126f460b720254b -> b725b7d05adad5b269d7c37fdae12601
